INFO 2024-11-19 10:20:19,533 autoreload Watching for file changes with StatReloader
INFO 2024-11-19 10:20:30,320 basehttp "POST /login/ HTTP/1.1" 200 3324
INFO 2024-11-19 10:20:33,332 basehttp "POST /login/ HTTP/1.1" 302 0
INFO 2024-11-19 10:20:33,355 basehttp "GET /dashboard/home/ HTTP/1.1" 200 3258
INFO 2024-11-19 10:20:33,378 basehttp "GET /static/css/users_settings/users/1.css HTTP/1.1" 304 0
INFO 2024-11-19 10:20:33,386 basehttp "GET /static/js/components/modalForm.js HTTP/1.1" 304 0
INFO 2024-11-19 10:20:36,488 basehttp "GET /logout/ HTTP/1.1" 302 0
INFO 2024-11-19 10:20:36,505 basehttp "GET / HTTP/1.1" 200 4346
INFO 2024-11-19 10:20:37,582 basehttp "GET /login/ HTTP/1.1" 200 3236
INFO 2024-11-19 10:20:40,226 basehttp "POST /login/ HTTP/1.1" 200 3324
INFO 2024-11-19 10:23:09,129 autoreload D:\dev_projects\NekoNotes\project\app_widgets\views.py changed, reloading.
INFO 2024-11-19 10:23:10,199 autoreload Watching for file changes with StatReloader
INFO 2024-11-19 10:23:16,186 basehttp "GET /login/ HTTP/1.1" 200 3236
INFO 2024-11-19 10:23:18,878 basehttp "POST /login/ HTTP/1.1" 200 3324
INFO 2024-11-19 10:23:26,978 autoreload D:\dev_projects\NekoNotes\project\app_authentication\views.py changed, reloading.
INFO 2024-11-19 10:23:28,112 autoreload Watching for file changes with StatReloader
INFO 2024-11-19 10:23:29,547 basehttp "POST /login/ HTTP/1.1" 200 3324
INFO 2024-11-19 10:23:31,562 basehttp "POST /login/ HTTP/1.1" 200 3324
INFO 2024-11-19 10:23:39,575 basehttp "POST /login/ HTTP/1.1" 302 0
INFO 2024-11-19 10:23:39,594 basehttp "GET /dashboard/home/ HTTP/1.1" 200 3258
INFO 2024-11-19 10:23:41,348 basehttp "GET /logout/ HTTP/1.1" 302 0
INFO 2024-11-19 10:23:41,366 basehttp "GET / HTTP/1.1" 200 4346
INFO 2024-11-19 10:23:42,820 basehttp "GET /login/ HTTP/1.1" 200 3236
INFO 2024-11-19 10:23:45,313 basehttp "POST /login/ HTTP/1.1" 200 3324
INFO 2024-11-19 10:26:40,513 autoreload D:\dev_projects\NekoNotes\project\project\settings.py changed, reloading.
INFO 2024-11-19 10:38:35,242 autoreload Watching for file changes with StatReloader
INFO 2024-11-19 10:40:00,165 autoreload D:\dev_projects\NekoNotes\project\project\settings.py changed, reloading.
INFO 2024-11-19 10:40:17,444 autoreload Watching for file changes with StatReloader
INFO 2024-11-19 10:40:31,615 autoreload D:\dev_projects\NekoNotes\project\project\settings.py changed, reloading.
INFO 2024-11-19 10:42:32,514 autoreload--run_with_reloader/line : 668 Watching for file changes with StatReloader
INFO 2024-11-19 10:42:55,526 autoreload--trigger_reload/line : 266 D:\dev_projects\NekoNotes\project\project\settings.py changed, reloading.
INFO 2024-11-19 10:42:56,580 D:\dev_projects\NekoNotes\venv\Lib\site-packages\django\utils\autoreload.py.autoreload--run_with_reloader/line : 668 Watching for file changes with StatReloader
INFO 2024-11-19 10:43:00,754 D:\dev_projects\NekoNotes\venv\Lib\site-packages\django\core\servers\basehttp.py.basehttp--log_message/line : 213 "GET /login/ HTTP/1.1" 200 3236
INFO 2024-11-19 10:43:03,908 D:\dev_projects\NekoNotes\venv\Lib\site-packages\django\core\servers\basehttp.py.basehttp--log_message/line : 213 "POST /login/ HTTP/1.1" 200 3324
INFO 2024-11-19 10:43:51,655 D:\dev_projects\NekoNotes\venv\Lib\site-packages\django\utils\autoreload.py.autoreload--trigger_reload/line : 266 D:\dev_projects\NekoNotes\project\project\settings.py changed, reloading.
INFO 2024-11-19 10:43:52,724 D:\dev_projects\NekoNotes\venv\Lib\site-packages\django\utils\autoreload.py.autoreload - run_with_reloader / line : 668 - Watching for file changes with StatReloader
INFO 2024-11-19 10:43:55,034 D:\dev_projects\NekoNotes\venv\Lib\site-packages\django\utils\autoreload.py.autoreload - trigger_reload / line : 266 - D:\dev_projects\NekoNotes\project\project\settings.py changed, reloading.
INFO 2024-11-19 10:43:55,989 autoreload.py.autoreload - run_with_reloader / line : 668 - Watching for file changes with StatReloader
INFO 2024-11-19 10:44:00,259 basehttp.py.basehttp - log_message / line : 213 - "GET /login/ HTTP/1.1" 200 3236
INFO 2024-11-19 10:44:03,360 basehttp.py.basehttp - log_message / line : 213 - "POST /login/ HTTP/1.1" 200 3324
INFO 2024-11-19 10:44:46,607 autoreload.py.autoreload - trigger_reload / line : 266 - D:\dev_projects\NekoNotes\project\project\settings.py changed, reloading.
INFO 2024-11-19 10:44:47,651 D:\dev_projects\NekoNotes\venv\Lib\site-packages\django\utils\autoreload.py autoreload - run_with_reloader / line : 668 - Watching for file changes with StatReloader
INFO 2024-11-19 10:44:55,411 D:\dev_projects\NekoNotes\venv\Lib\site-packages\django\utils\autoreload.py autoreload - trigger_reload / line : 266 - D:\dev_projects\NekoNotes\project\project\settings.py changed, reloading.
INFO 2024-11-19 10:44:56,378 D:\dev_projects\NekoNotes\venv\Lib\site-packages\django\utils\autoreload.py function -> run_with_reloader / line : 668 - Watching for file changes with StatReloader
INFO 2024-11-19 10:44:58,653 D:\dev_projects\NekoNotes\venv\Lib\site-packages\django\utils\autoreload.py function -> trigger_reload / line : 266 - D:\dev_projects\NekoNotes\project\project\settings.py changed, reloading.
INFO 2024-11-19 10:44:59,634 D:\dev_projects\NekoNotes\venv\Lib\site-packages\django\utils\autoreload.py function -> run_with_reloader | line : 668 - Watching for file changes with StatReloader
INFO 2024-11-19 10:45:01,920 D:\dev_projects\NekoNotes\venv\Lib\site-packages\django\utils\autoreload.py function -> trigger_reload | line : 266 - D:\dev_projects\NekoNotes\project\project\settings.py changed, reloading.
INFO 2024-11-19 10:45:02,958 D:\dev_projects\NekoNotes\venv\Lib\site-packages\django\utils\autoreload.py function -> run_with_reloader | line : 668 -> Watching for file changes with StatReloader
INFO 2024-11-19 10:45:08,810 D:\dev_projects\NekoNotes\venv\Lib\site-packages\django\core\servers\basehttp.py function -> log_message | line : 213 -> "POST /login/ HTTP/1.1" 200 3324
INFO 2024-11-19 10:45:10,912 D:\dev_projects\NekoNotes\venv\Lib\site-packages\django\core\servers\basehttp.py function -> log_message | line : 213 -> "POST /login/ HTTP/1.1" 200 3324
